2026-02-24 20:02:13 | INFO     | solver | Logging initialized. Log file: logs\solver_20260224_200213_run_14.log
2026-02-24 20:02:13 | INFO     | solver | ============================================================
2026-02-24 20:02:13 | INFO     | solver | HOCKEY DRAW SCHEDULER - STAGED SOLVING
2026-02-24 20:02:13 | INFO     | solver | ============================================================
2026-02-24 20:02:13 | INFO     | solver | ============================================================
2026-02-24 20:02:13 | INFO     | solver | SYSTEM INFORMATION
2026-02-24 20:02:13 | INFO     | solver | ============================================================
2026-02-24 20:02:13 | INFO     | solver | Python version: 3.11.0 (main, Oct 24 2022, 18:26:48) [MSC v.1933 64 bit (AMD64)]
2026-02-24 20:02:13 | INFO     | solver | Platform: win32
2026-02-24 20:02:13 | INFO     | solver | Total memory: 15.6 GB
2026-02-24 20:02:13 | INFO     | solver | Available memory: 2.8 GB
2026-02-24 20:02:13 | INFO     | solver | CPU count: 20 (logical), 14 (physical)
2026-02-24 20:02:13 | INFO     | solver | OR-Tools version: unknown
2026-02-24 20:02:13 | INFO     | solver | ============================================================
2026-02-24 20:02:13 | INFO     | solver | Using solver config: workers=2, linearization=0
2026-02-24 20:02:13 | INFO     | solver | Loading data...
2026-02-24 20:02:13 | INFO     | solver |   Teams: 47
2026-02-24 20:02:13 | INFO     | solver |   Grades: 6
2026-02-24 20:02:13 | INFO     | solver |   Timeslots: 696
2026-02-24 20:02:13 | INFO     | solver | StagedScheduleSolver initialized
2026-02-24 20:02:13 | INFO     | solver | Solver config: workers=2, linearization=0
2026-02-24 20:02:13 | INFO     | solver | Initializing model and decision variables...
2026-02-24 20:02:14 | INFO     | solver | Run directory: checkpoints\run_14
2026-02-24 20:02:14 | INFO     | solver | Stages to run: ['stage1_required', 'stage2_strong', 'stage3_medium', 'stage4_soft']
2026-02-24 20:02:14 | INFO     | solver | Attempting to resume from stage: stage1_required
2026-02-24 20:02:14 | INFO     | solver | Loaded checkpoint from stage1_required: 454 games
2026-02-24 20:02:14 | INFO     | solver | Remaining stages after resume: ['stage2_strong', 'stage3_medium', 'stage4_soft']
2026-02-24 20:02:14 | INFO     | solver | ============================================================
2026-02-24 20:02:14 | INFO     | solver | STARTING STAGE: stage2_strong
2026-02-24 20:02:14 | INFO     | solver |   Name: Strong Structural Constraints
2026-02-24 20:02:14 | INFO     | solver |   Description: Important practical constraints for schedule quality
2026-02-24 20:02:14 | INFO     | solver |   Max time: 14400s
2026-02-24 20:02:14 | INFO     | solver |   Required: True
2026-02-24 20:02:14 | INFO     | solver | ============================================================
2026-02-24 20:02:14 | INFO     | solver | Applying constraints...
2026-02-24 20:02:20 | INFO     | solver |   Constraints added this stage: 14797
2026-02-24 20:02:20 | INFO     | solver |   Model total constraints: 14797
2026-02-24 20:02:21 | INFO     | solver | Starting solve for stage: stage2_strong
2026-02-24 20:02:21 | INFO     | solver |   Max time: 14400s (4.0h)
2026-02-24 20:02:21 | INFO     | solver | MODEL STATISTICS
2026-02-24 20:02:21 | INFO     | solver |   Variables: 118320
2026-02-24 20:02:21 | INFO     | solver |   Constraints: 14797
2026-02-24 20:02:21 | INFO     | solver |   Estimated base memory: 2.3 MB
2026-02-24 20:02:21 | INFO     | solver | Pre-solve resource snapshot:
2026-02-24 20:02:21 | WARNING  | solver | PRE-SOLVE | Memory: 83.2% (13334MB used, 2690MB available) | Process: 205MB | CPU: 46.1% (process: 0.0%)
2026-02-24 20:02:21 | INFO     | solver | Solver configured: workers=2, linearization=0
2026-02-24 20:02:21 | INFO     | solver | Started resource monitoring (interval: 30.0s)
2026-02-24 20:02:21 | INFO     | solver | Calling solver.Solve() without callback...
2026-02-24 20:02:21 | WARNING  | solver | MONITOR | Memory: 83.2% (13338MB used, 2686MB available) | Process: 207MB | CPU: 44.7% (process: 116.4%)
2026-02-24 20:02:52 | WARNING  | solver | MONITOR | Memory: 82.3% (13189MB used, 2835MB available) | Process: 337MB | CPU: 40.0% (process: 232.7%)
2026-02-24 20:03:22 | WARNING  | solver | MONITOR | Memory: 85.2% (13645MB used, 2380MB available) | Process: 336MB | CPU: 43.9% (process: 232.7%)
2026-02-24 20:03:52 | WARNING  | solver | MONITOR | Memory: 83.0% (13306MB used, 2718MB available) | Process: 344MB | CPU: 32.8% (process: 216.1%)
2026-02-24 20:04:22 | WARNING  | solver | MONITOR | Memory: 84.2% (13498MB used, 2526MB available) | Process: 345MB | CPU: 25.8% (process: 232.7%)
2026-02-24 20:04:52 | WARNING  | solver | MONITOR | Memory: 82.6% (13237MB used, 2787MB available) | Process: 348MB | CPU: 36.2% (process: 216.1%)
2026-02-24 20:05:23 | WARNING  | solver | MONITOR | Memory: 82.3% (13194MB used, 2830MB available) | Process: 347MB | CPU: 30.8% (process: 201.6%)
2026-02-24 20:05:53 | WARNING  | solver | MONITOR | Memory: 83.4% (13371MB used, 2653MB available) | Process: 348MB | CPU: 33.9% (process: 201.6%)
2026-02-24 20:06:23 | WARNING  | solver | MONITOR | Memory: 82.7% (13247MB used, 2777MB available) | Process: 351MB | CPU: 19.6% (process: 182.8%)
2026-02-24 20:06:53 | WARNING  | solver | MONITOR | Memory: 81.9% (13132MB used, 2893MB available) | Process: 353MB | CPU: 23.3% (process: 199.5%)
2026-02-24 20:07:23 | WARNING  | solver | MONITOR | Memory: 83.3% (13344MB used, 2680MB available) | Process: 355MB | CPU: 31.1% (process: 199.5%)
2026-02-24 20:07:54 | WARNING  | solver | MONITOR | Memory: 84.0% (13461MB used, 2563MB available) | Process: 354MB | CPU: 15.1% (process: 199.5%)
2026-02-24 20:08:24 | WARNING  | solver | MONITOR | Memory: 83.8% (13430MB used, 2595MB available) | Process: 354MB | CPU: 52.6% (process: 170.5%)
2026-02-24 20:08:54 | WARNING  | solver | MONITOR | Memory: 83.5% (13382MB used, 2642MB available) | Process: 356MB | CPU: 35.0% (process: 170.5%)
2026-02-24 20:09:24 | WARNING  | solver | MONITOR | Memory: 85.5% (13708MB used, 2316MB available) | Process: 355MB | CPU: 21.1% (process: 172.0%)
2026-02-24 20:09:54 | WARNING  | solver | MONITOR | Memory: 84.3% (13516MB used, 2508MB available) | Process: 357MB | CPU: 31.5% (process: 172.0%)
2026-02-24 20:10:25 | WARNING  | solver | MONITOR | Memory: 84.0% (13459MB used, 2565MB available) | Process: 357MB | CPU: 23.6% (process: 172.0%)
2026-02-24 20:10:55 | WARNING  | solver | MONITOR | Memory: 82.6% (13233MB used, 2791MB available) | Process: 358MB | CPU: 58.7% (process: 157.7%)
2026-02-24 20:11:25 | WARNING  | solver | MONITOR | Memory: 83.4% (13360MB used, 2665MB available) | Process: 357MB | CPU: 33.6% (process: 157.7%)
2026-02-24 20:11:55 | WARNING  | solver | MONITOR | Memory: 82.7% (13257MB used, 2767MB available) | Process: 353MB | CPU: 57.3% (process: 170.5%)
2026-02-24 20:12:25 | WARNING  | solver | MONITOR | Memory: 83.3% (13347MB used, 2677MB available) | Process: 357MB | CPU: 31.0% (process: 156.3%)
2026-02-24 20:12:56 | WARNING  | solver | MONITOR | Memory: 83.1% (13320MB used, 2704MB available) | Process: 357MB | CPU: 36.6% (process: 170.5%)
2026-02-24 20:13:26 | WARNING  | solver | MONITOR | Memory: 82.9% (13277MB used, 2747MB available) | Process: 356MB | CPU: 25.3% (process: 172.0%)
2026-02-24 20:13:56 | WARNING  | solver | MONITOR | Memory: 86.4% (13844MB used, 2180MB available) | Process: 358MB | CPU: 26.8% (process: 172.0%)
2026-02-24 20:14:26 | WARNING  | solver | MONITOR | Memory: 83.5% (13387MB used, 2638MB available) | Process: 360MB | CPU: 34.5% (process: 172.0%)
2026-02-24 20:14:56 | WARNING  | solver | MONITOR | Memory: 86.2% (13808MB used, 2216MB available) | Process: 360MB | CPU: 45.5% (process: 235.2%)
2026-02-24 20:15:27 | WARNING  | solver | MONITOR | Memory: 86.1% (13800MB used, 2224MB available) | Process: 361MB | CPU: 29.5% (process: 235.2%)
2026-02-24 20:15:57 | WARNING  | solver | MONITOR | Memory: 87.1% (13950MB used, 2074MB available) | Process: 363MB | CPU: 40.7% (process: 216.1%)
2026-02-24 20:16:27 | WARNING  | solver | MONITOR | Memory: 84.5% (13548MB used, 2476MB available) | Process: 360MB | CPU: 28.4% (process: 198.9%)
2026-02-24 20:16:57 | WARNING  | solver | MONITOR | Memory: 86.2% (13806MB used, 2218MB available) | Process: 360MB | CPU: 27.2% (process: 198.9%)
2026-02-24 20:17:27 | WARNING  | solver | MONITOR | Memory: 83.9% (13440MB used, 2584MB available) | Process: 361MB | CPU: 19.5% (process: 172.0%)
2026-02-24 20:17:58 | WARNING  | solver | MONITOR | Memory: 83.5% (13383MB used, 2641MB available) | Process: 357MB | CPU: 17.6% (process: 200.7%)
2026-02-24 20:18:28 | WARNING  | solver | MONITOR | Memory: 82.0% (13141MB used, 2883MB available) | Process: 362MB | CPU: 17.1% (process: 232.7%)
2026-02-24 20:18:58 | WARNING  | solver | MONITOR | Memory: 83.5% (13381MB used, 2644MB available) | Process: 361MB | CPU: 9.5% (process: 235.2%)
2026-02-24 20:19:28 | WARNING  | solver | MONITOR | Memory: 82.0% (13142MB used, 2882MB available) | Process: 363MB | CPU: 21.5% (process: 235.2%)
2026-02-24 20:19:58 | WARNING  | solver | MONITOR | Memory: 83.8% (13427MB used, 2597MB available) | Process: 359MB | CPU: 33.9% (process: 232.7%)
2026-02-24 20:20:29 | WARNING  | solver | MONITOR | Memory: 82.5% (13216MB used, 2808MB available) | Process: 362MB | CPU: 22.2% (process: 232.7%)
2026-02-24 20:20:59 | WARNING  | solver | MONITOR | Memory: 83.2% (13337MB used, 2687MB available) | Process: 360MB | CPU: 21.4% (process: 232.7%)
2026-02-24 20:21:29 | WARNING  | solver | MONITOR | Memory: 83.5% (13384MB used, 2640MB available) | Process: 363MB | CPU: 6.2% (process: 216.1%)
2026-02-24 20:21:59 | WARNING  | solver | MONITOR | Memory: 84.6% (13563MB used, 2461MB available) | Process: 363MB | CPU: 20.0% (process: 232.7%)
2026-02-24 20:22:29 | WARNING  | solver | MONITOR | Memory: 84.3% (13511MB used, 2513MB available) | Process: 363MB | CPU: 18.1% (process: 216.1%)
2026-02-24 20:23:00 | WARNING  | solver | MONITOR | Memory: 84.7% (13571MB used, 2453MB available) | Process: 362MB | CPU: 12.8% (process: 235.2%)
2026-02-24 20:23:30 | WARNING  | solver | MONITOR | Memory: 83.3% (13344MB used, 2680MB available) | Process: 364MB | CPU: 15.7% (process: 235.2%)
2026-02-24 20:24:00 | WARNING  | solver | MONITOR | Memory: 83.8% (13428MB used, 2597MB available) | Process: 365MB | CPU: 17.9% (process: 232.7%)
2026-02-24 20:24:30 | WARNING  | solver | MONITOR | Memory: 83.3% (13348MB used, 2676MB available) | Process: 366MB | CPU: 21.3% (process: 232.7%)
2026-02-24 20:25:01 | WARNING  | solver | MONITOR | Memory: 83.2% (13339MB used, 2685MB available) | Process: 365MB | CPU: 14.9% (process: 232.7%)
2026-02-24 20:25:31 | WARNING  | solver | MONITOR | Memory: 81.5% (13057MB used, 2967MB available) | Process: 364MB | CPU: 13.8% (process: 232.7%)
2026-02-24 20:26:01 | WARNING  | solver | MONITOR | Memory: 83.5% (13385MB used, 2639MB available) | Process: 366MB | CPU: 34.0% (process: 232.7%)
2026-02-24 20:26:31 | WARNING  | solver | MONITOR | Memory: 82.2% (13170MB used, 2854MB available) | Process: 362MB | CPU: 9.9% (process: 232.7%)
2026-02-24 20:27:01 | WARNING  | solver | MONITOR | Memory: 83.9% (13445MB used, 2580MB available) | Process: 367MB | CPU: 18.3% (process: 235.2%)
2026-02-24 20:27:32 | WARNING  | solver | MONITOR | Memory: 82.2% (13179MB used, 2845MB available) | Process: 366MB | CPU: 10.9% (process: 235.2%)
2026-02-24 20:28:02 | WARNING  | solver | MONITOR | Memory: 84.0% (13468MB used, 2557MB available) | Process: 367MB | CPU: 10.7% (process: 232.7%)
2026-02-24 20:28:32 | WARNING  | solver | MONITOR | Memory: 82.3% (13192MB used, 2832MB available) | Process: 367MB | CPU: 13.1% (process: 232.7%)
2026-02-24 20:29:02 | WARNING  | solver | MONITOR | Memory: 85.7% (13736MB used, 2288MB available) | Process: 368MB | CPU: 10.0% (process: 232.7%)
2026-02-24 20:29:32 | WARNING  | solver | MONITOR | Memory: 83.1% (13311MB used, 2713MB available) | Process: 369MB | CPU: 21.6% (process: 232.7%)
2026-02-24 20:30:03 | WARNING  | solver | MONITOR | Memory: 84.5% (13535MB used, 2489MB available) | Process: 367MB | CPU: 20.5% (process: 216.1%)
2026-02-24 20:30:33 | WARNING  | solver | MONITOR | Memory: 83.2% (13331MB used, 2693MB available) | Process: 367MB | CPU: 13.2% (process: 232.7%)
2026-02-24 20:31:03 | WARNING  | solver | MONITOR | Memory: 84.2% (13489MB used, 2535MB available) | Process: 368MB | CPU: 14.9% (process: 218.4%)
2026-02-24 20:31:33 | WARNING  | solver | MONITOR | Memory: 83.5% (13377MB used, 2647MB available) | Process: 369MB | CPU: 13.2% (process: 235.2%)
2026-02-24 20:32:03 | WARNING  | solver | MONITOR | Memory: 83.7% (13405MB used, 2620MB available) | Process: 371MB | CPU: 14.3% (process: 216.1%)
2026-02-24 20:32:34 | WARNING  | solver | MONITOR | Memory: 84.0% (13466MB used, 2558MB available) | Process: 371MB | CPU: 21.0% (process: 232.7%)
2026-02-24 20:33:04 | WARNING  | solver | MONITOR | Memory: 84.1% (13480MB used, 2544MB available) | Process: 371MB | CPU: 21.7% (process: 232.7%)
2026-02-24 20:33:34 | WARNING  | solver | MONITOR | Memory: 82.4% (13204MB used, 2820MB available) | Process: 372MB | CPU: 28.3% (process: 216.1%)
2026-02-24 20:34:04 | WARNING  | solver | MONITOR | Memory: 84.2% (13494MB used, 2530MB available) | Process: 368MB | CPU: 12.1% (process: 232.7%)
2026-02-24 20:34:34 | WARNING  | solver | MONITOR | Memory: 82.7% (13253MB used, 2772MB available) | Process: 373MB | CPU: 12.4% (process: 232.7%)
2026-02-24 20:35:05 | WARNING  | solver | MONITOR | Memory: 84.4% (13521MB used, 2504MB available) | Process: 372MB | CPU: 19.0% (process: 218.4%)
2026-02-24 20:35:35 | WARNING  | solver | MONITOR | Memory: 83.6% (13389MB used, 2635MB available) | Process: 373MB | CPU: 35.7% (process: 235.2%)
2026-02-24 20:36:05 | WARNING  | solver | MONITOR | Memory: 84.3% (13509MB used, 2515MB available) | Process: 372MB | CPU: 9.2% (process: 232.7%)
2026-02-24 20:36:35 | WARNING  | solver | MONITOR | Memory: 84.5% (13537MB used, 2488MB available) | Process: 372MB | CPU: 16.9% (process: 232.7%)
2026-02-24 20:37:05 | WARNING  | solver | MONITOR | Memory: 84.5% (13546MB used, 2478MB available) | Process: 369MB | CPU: 33.0% (process: 232.7%)
2026-02-24 20:37:36 | WARNING  | solver | MONITOR | Memory: 84.6% (13549MB used, 2475MB available) | Process: 372MB | CPU: 11.1% (process: 216.1%)
2026-02-24 20:38:06 | WARNING  | solver | MONITOR | Memory: 85.4% (13688MB used, 2336MB available) | Process: 373MB | CPU: 11.2% (process: 232.7%)
2026-02-24 20:38:36 | WARNING  | solver | MONITOR | Memory: 83.6% (13397MB used, 2628MB available) | Process: 374MB | CPU: 17.8% (process: 232.7%)
2026-02-24 20:39:06 | WARNING  | solver | MONITOR | Memory: 85.2% (13649MB used, 2375MB available) | Process: 375MB | CPU: 9.6% (process: 235.2%)
2026-02-24 20:39:36 | WARNING  | solver | MONITOR | Memory: 83.6% (13401MB used, 2623MB available) | Process: 376MB | CPU: 19.2% (process: 200.7%)
2026-02-24 20:40:07 | WARNING  | solver | MONITOR | Memory: 85.1% (13632MB used, 2392MB available) | Process: 374MB | CPU: 24.0% (process: 184.7%)
2026-02-24 20:40:37 | WARNING  | solver | MONITOR | Memory: 84.7% (13576MB used, 2448MB available) | Process: 375MB | CPU: 11.9% (process: 170.5%)
2026-02-24 20:41:07 | WARNING  | solver | MONITOR | Memory: 85.1% (13643MB used, 2382MB available) | Process: 375MB | CPU: 9.4% (process: 170.5%)
2026-02-24 20:41:37 | WARNING  | solver | MONITOR | Memory: 85.2% (13654MB used, 2370MB available) | Process: 376MB | CPU: 7.8% (process: 172.0%)
2026-02-24 20:42:07 | WARNING  | solver | MONITOR | Memory: 85.0% (13625MB used, 2399MB available) | Process: 374MB | CPU: 14.2% (process: 172.0%)
2026-02-24 20:42:38 | WARNING  | solver | MONITOR | Memory: 85.0% (13624MB used, 2400MB available) | Process: 378MB | CPU: 16.2% (process: 157.7%)
2026-02-24 20:43:08 | WARNING  | solver | MONITOR | Memory: 85.7% (13729MB used, 2295MB available) | Process: 375MB | CPU: 47.0% (process: 157.7%)
2026-02-24 20:43:38 | WARNING  | solver | MONITOR | Memory: 85.2% (13649MB used, 2375MB available) | Process: 374MB | CPU: 19.7% (process: 172.0%)
2026-02-24 20:44:08 | WARNING  | solver | MONITOR | Memory: 85.4% (13677MB used, 2347MB available) | Process: 376MB | CPU: 9.4% (process: 170.5%)
2026-02-24 20:44:38 | WARNING  | solver | MONITOR | Memory: 85.5% (13697MB used, 2327MB available) | Process: 374MB | CPU: 13.7% (process: 170.5%)
2026-02-24 20:45:09 | WARNING  | solver | MONITOR | Memory: 85.6% (13719MB used, 2305MB available) | Process: 377MB | CPU: 17.4% (process: 170.5%)
2026-02-24 20:45:39 | WARNING  | solver | MONITOR | Memory: 84.7% (13580MB used, 2444MB available) | Process: 372MB | CPU: 19.4% (process: 172.0%)
2026-02-24 20:46:09 | WARNING  | solver | MONITOR | Memory: 85.6% (13717MB used, 2308MB available) | Process: 376MB | CPU: 12.1% (process: 172.0%)
2026-02-24 20:46:39 | WARNING  | solver | MONITOR | Memory: 84.9% (13611MB used, 2413MB available) | Process: 378MB | CPU: 8.5% (process: 172.0%)
2026-02-24 20:47:09 | WARNING  | solver | MONITOR | Memory: 85.3% (13676MB used, 2348MB available) | Process: 378MB | CPU: 18.9% (process: 157.7%)
2026-02-24 20:47:40 | WARNING  | solver | MONITOR | Memory: 84.1% (13477MB used, 2547MB available) | Process: 377MB | CPU: 19.1% (process: 182.8%)
2026-02-24 20:48:10 | WARNING  | solver | MONITOR | Memory: 85.7% (13732MB used, 2293MB available) | Process: 379MB | CPU: 17.9% (process: 199.5%)
2026-02-24 20:48:40 | WARNING  | solver | MONITOR | Memory: 83.8% (13434MB used, 2590MB available) | Process: 378MB | CPU: 20.5% (process: 199.5%)
2026-02-24 20:49:10 | WARNING  | solver | MONITOR | Memory: 85.8% (13746MB used, 2278MB available) | Process: 378MB | CPU: 31.6% (process: 170.5%)
2026-02-24 20:49:40 | WARNING  | solver | MONITOR | Memory: 84.1% (13477MB used, 2547MB available) | Process: 379MB | CPU: 15.5% (process: 201.6%)
2026-02-24 20:50:11 | WARNING  | solver | MONITOR | Memory: 85.7% (13737MB used, 2288MB available) | Process: 377MB | CPU: 35.1% (process: 201.6%)
2026-02-24 20:50:41 | WARNING  | solver | MONITOR | Memory: 85.5% (13703MB used, 2321MB available) | Process: 380MB | CPU: 12.7% (process: 232.7%)
2026-02-24 20:51:11 | WARNING  | solver | MONITOR | Memory: 86.0% (13780MB used, 2244MB available) | Process: 376MB | CPU: 22.2% (process: 232.7%)
2026-02-24 20:51:41 | WARNING  | solver | MONITOR | Memory: 85.4% (13689MB used, 2335MB available) | Process: 380MB | CPU: 17.2% (process: 232.7%)
2026-02-24 20:52:11 | WARNING  | solver | MONITOR | Memory: 85.2% (13658MB used, 2366MB available) | Process: 378MB | CPU: 14.1% (process: 232.7%)
2026-02-24 20:52:42 | WARNING  | solver | MONITOR | Memory: 83.5% (13380MB used, 2645MB available) | Process: 378MB | CPU: 11.6% (process: 232.7%)
2026-02-24 20:53:12 | WARNING  | solver | MONITOR | Memory: 85.2% (13657MB used, 2367MB available) | Process: 379MB | CPU: 23.3% (process: 232.7%)
2026-02-24 20:53:42 | WARNING  | solver | MONITOR | Memory: 83.2% (13339MB used, 2685MB available) | Process: 378MB | CPU: 17.1% (process: 235.2%)
2026-02-24 20:54:12 | WARNING  | solver | MONITOR | Memory: 85.0% (13624MB used, 2401MB available) | Process: 377MB | CPU: 10.6% (process: 235.2%)
2026-02-24 20:54:42 | WARNING  | solver | MONITOR | Memory: 85.0% (13628MB used, 2396MB available) | Process: 379MB | CPU: 16.2% (process: 232.7%)
2026-02-24 20:55:13 | WARNING  | solver | MONITOR | Memory: 85.0% (13616MB used, 2408MB available) | Process: 379MB | CPU: 18.8% (process: 232.7%)
2026-02-24 20:55:43 | WARNING  | solver | MONITOR | Memory: 84.8% (13582MB used, 2442MB available) | Process: 380MB | CPU: 35.1% (process: 184.7%)
2026-02-24 20:56:13 | WARNING  | solver | MONITOR | Memory: 85.0% (13615MB used, 2409MB available) | Process: 378MB | CPU: 27.5% (process: 172.0%)
2026-02-24 20:56:43 | WARNING  | solver | MONITOR | Memory: 85.1% (13640MB used, 2384MB available) | Process: 382MB | CPU: 12.8% (process: 172.0%)
2026-02-24 20:57:13 | WARNING  | solver | MONITOR | Memory: 84.7% (13571MB used, 2453MB available) | Process: 380MB | CPU: 11.0% (process: 172.0%)
2026-02-24 20:57:44 | WARNING  | solver | MONITOR | Memory: 83.9% (13448MB used, 2577MB available) | Process: 380MB | CPU: 30.9% (process: 172.0%)
2026-02-24 20:58:14 | WARNING  | solver | MONITOR | Memory: 85.9% (13771MB used, 2254MB available) | Process: 380MB | CPU: 18.7% (process: 172.0%)
2026-02-24 20:58:44 | WARNING  | solver | MONITOR | Memory: 83.3% (13356MB used, 2668MB available) | Process: 382MB | CPU: 13.9% (process: 170.5%)
2026-02-24 20:59:14 | WARNING  | solver | MONITOR | Memory: 84.9% (13609MB used, 2415MB available) | Process: 380MB | CPU: 13.6% (process: 170.5%)
2026-02-24 20:59:44 | WARNING  | solver | MONITOR | Memory: 83.0% (13298MB used, 2726MB available) | Process: 379MB | CPU: 21.6% (process: 199.5%)
2026-02-24 21:00:15 | WARNING  | solver | MONITOR | Memory: 84.8% (13585MB used, 2439MB available) | Process: 380MB | CPU: 14.3% (process: 201.6%)
2026-02-24 21:00:45 | WARNING  | solver | MONITOR | Memory: 85.0% (13616MB used, 2408MB available) | Process: 382MB | CPU: 22.4% (process: 201.6%)
2026-02-24 21:01:15 | WARNING  | solver | MONITOR | Memory: 84.7% (13569MB used, 2455MB available) | Process: 383MB | CPU: 29.7% (process: 172.0%)
2026-02-24 21:01:45 | WARNING  | solver | MONITOR | Memory: 83.8% (13426MB used, 2599MB available) | Process: 382MB | CPU: 18.6% (process: 199.5%)
2026-02-24 21:02:16 | WARNING  | solver | MONITOR | Memory: 85.2% (13645MB used, 2380MB available) | Process: 382MB | CPU: 19.1% (process: 199.5%)
2026-02-24 21:02:46 | WARNING  | solver | MONITOR | Memory: 84.1% (13472MB used, 2552MB available) | Process: 383MB | CPU: 15.7% (process: 199.5%)
2026-02-24 21:03:16 | WARNING  | solver | MONITOR | Memory: 85.6% (13718MB used, 2306MB available) | Process: 383MB | CPU: 12.7% (process: 199.5%)
2026-02-24 21:03:46 | WARNING  | solver | MONITOR | Memory: 83.2% (13324MB used, 2700MB available) | Process: 384MB | CPU: 15.0% (process: 232.7%)
2026-02-24 21:04:16 | WARNING  | solver | MONITOR | Memory: 85.1% (13642MB used, 2382MB available) | Process: 380MB | CPU: 11.5% (process: 235.2%)
2026-02-24 21:04:47 | WARNING  | solver | MONITOR | Memory: 84.8% (13589MB used, 2436MB available) | Process: 384MB | CPU: 17.4% (process: 235.2%)
2026-02-24 21:05:17 | WARNING  | solver | MONITOR | Memory: 84.8% (13586MB used, 2439MB available) | Process: 384MB | CPU: 11.3% (process: 216.1%)
2026-02-24 21:05:47 | WARNING  | solver | MONITOR | Memory: 83.5% (13382MB used, 2642MB available) | Process: 384MB | CPU: 12.0% (process: 232.7%)
2026-02-24 21:06:17 | WARNING  | solver | MONITOR | Memory: 85.5% (13706MB used, 2319MB available) | Process: 384MB | CPU: 64.9% (process: 199.5%)
2026-02-24 21:06:47 | WARNING  | solver | MONITOR | Memory: 83.4% (13367MB used, 2657MB available) | Process: 384MB | CPU: 11.7% (process: 182.8%)
2026-02-24 21:07:18 | WARNING  | solver | MONITOR | Memory: 85.6% (13717MB used, 2308MB available) | Process: 386MB | CPU: 32.8% (process: 199.5%)
2026-02-24 21:07:48 | WARNING  | solver | MONITOR | Memory: 83.4% (13370MB used, 2655MB available) | Process: 384MB | CPU: 31.8% (process: 199.5%)
2026-02-24 21:08:18 | WARNING  | solver | MONITOR | Memory: 85.5% (13701MB used, 2323MB available) | Process: 384MB | CPU: 19.8% (process: 252.0%)
2026-02-24 21:08:48 | WARNING  | solver | MONITOR | Memory: 86.2% (13808MB used, 2217MB available) | Process: 384MB | CPU: 21.4% (process: 235.2%)
2026-02-24 21:09:18 | WARNING  | solver | MONITOR | Memory: 85.7% (13729MB used, 2295MB available) | Process: 381MB | CPU: 13.6% (process: 232.7%)
2026-02-24 21:09:49 | WARNING  | solver | MONITOR | Memory: 83.9% (13443MB used, 2581MB available) | Process: 385MB | CPU: 19.8% (process: 232.7%)
2026-02-24 21:10:19 | WARNING  | solver | MONITOR | Memory: 86.1% (13796MB used, 2228MB available) | Process: 387MB | CPU: 25.3% (process: 182.8%)
2026-02-24 21:10:49 | WARNING  | solver | MONITOR | Memory: 86.2% (13815MB used, 2209MB available) | Process: 385MB | CPU: 29.1% (process: 199.5%)
2026-02-24 21:11:19 | WARNING  | solver | MONITOR | Memory: 85.7% (13727MB used, 2298MB available) | Process: 385MB | CPU: 14.1% (process: 232.7%)
2026-02-24 21:11:49 | WARNING  | solver | MONITOR | Memory: 85.8% (13747MB used, 2277MB available) | Process: 385MB | CPU: 18.1% (process: 232.7%)
2026-02-24 21:12:20 | WARNING  | solver | MONITOR | Memory: 85.8% (13747MB used, 2277MB available) | Process: 386MB | CPU: 10.1% (process: 235.2%)
2026-02-24 21:12:50 | WARNING  | solver | MONITOR | Memory: 84.5% (13535MB used, 2489MB available) | Process: 386MB | CPU: 11.8% (process: 235.2%)
2026-02-24 21:13:20 | WARNING  | solver | MONITOR | Memory: 86.1% (13792MB used, 2232MB available) | Process: 387MB | CPU: 23.3% (process: 232.7%)
2026-02-24 21:13:50 | WARNING  | solver | MONITOR | Memory: 84.4% (13523MB used, 2502MB available) | Process: 387MB | CPU: 14.4% (process: 232.7%)
2026-02-24 21:14:20 | WARNING  | solver | MONITOR | Memory: 86.0% (13777MB used, 2247MB available) | Process: 387MB | CPU: 11.7% (process: 232.7%)
2026-02-24 21:14:51 | WARNING  | solver | MONITOR | Memory: 84.2% (13495MB used, 2530MB available) | Process: 389MB | CPU: 14.6% (process: 199.5%)
2026-02-24 21:15:21 | WARNING  | solver | MONITOR | Memory: 86.1% (13792MB used, 2232MB available) | Process: 387MB | CPU: 25.7% (process: 232.7%)
2026-02-24 21:15:51 | WARNING  | solver | MONITOR | Memory: 85.4% (13691MB used, 2333MB available) | Process: 381MB | CPU: 19.7% (process: 232.7%)
2026-02-24 21:16:21 | WARNING  | solver | MONITOR | Memory: 85.5% (13701MB used, 2323MB available) | Process: 385MB | CPU: 10.6% (process: 201.6%)
2026-02-24 21:16:51 | WARNING  | solver | MONITOR | Memory: 85.9% (13765MB used, 2259MB available) | Process: 386MB | CPU: 9.6% (process: 200.7%)
2026-02-24 21:17:22 | WARNING  | solver | MONITOR | Memory: 85.7% (13727MB used, 2297MB available) | Process: 386MB | CPU: 18.8% (process: 170.5%)
2026-02-24 21:17:52 | WARNING  | solver | MONITOR | Memory: 86.0% (13783MB used, 2242MB available) | Process: 387MB | CPU: 13.7% (process: 170.5%)
2026-02-24 21:18:22 | WARNING  | solver | MONITOR | Memory: 85.6% (13710MB used, 2314MB available) | Process: 387MB | CPU: 14.3% (process: 156.2%)
2026-02-24 21:18:52 | WARNING  | solver | MONITOR | Memory: 86.0% (13785MB used, 2239MB available) | Process: 386MB | CPU: 15.7% (process: 143.3%)
2026-02-24 21:19:22 | WARNING  | solver | MONITOR | Memory: 85.7% (13734MB used, 2290MB available) | Process: 388MB | CPU: 11.1% (process: 172.0%)
2026-02-24 21:19:53 | WARNING  | solver | MONITOR | Memory: 85.7% (13726MB used, 2298MB available) | Process: 388MB | CPU: 16.8% (process: 172.0%)
2026-02-24 21:20:23 | WARNING  | solver | MONITOR | Memory: 85.9% (13762MB used, 2262MB available) | Process: 388MB | CPU: 26.2% (process: 172.0%)
2026-02-24 21:20:53 | WARNING  | solver | MONITOR | Memory: 85.0% (13628MB used, 2396MB available) | Process: 383MB | CPU: 25.0% (process: 172.0%)
2026-02-24 21:21:23 | WARNING  | solver | MONITOR | Memory: 86.5% (13855MB used, 2169MB available) | Process: 386MB | CPU: 8.9% (process: 170.5%)
2026-02-24 21:21:53 | WARNING  | solver | MONITOR | Memory: 84.4% (13531MB used, 2494MB available) | Process: 386MB | CPU: 11.7% (process: 170.5%)
2026-02-24 21:22:24 | WARNING  | solver | MONITOR | Memory: 86.2% (13813MB used, 2211MB available) | Process: 386MB | CPU: 11.5% (process: 170.5%)
2026-02-24 21:22:54 | WARNING  | solver | MONITOR | Memory: 85.4% (13689MB used, 2335MB available) | Process: 387MB | CPU: 18.9% (process: 172.0%)
2026-02-24 21:23:24 | WARNING  | solver | MONITOR | Memory: 86.1% (13790MB used, 2234MB available) | Process: 388MB | CPU: 23.0% (process: 201.6%)
2026-02-24 21:23:54 | WARNING  | solver | MONITOR | Memory: 84.7% (13568MB used, 2456MB available) | Process: 388MB | CPU: 7.9% (process: 182.8%)
2026-02-24 21:24:24 | WARNING  | solver | MONITOR | Memory: 86.2% (13811MB used, 2213MB available) | Process: 388MB | CPU: 27.0% (process: 199.5%)
2026-02-24 21:24:55 | WARNING  | solver | MONITOR | Memory: 84.7% (13566MB used, 2458MB available) | Process: 389MB | CPU: 16.1% (process: 216.1%)
2026-02-24 21:25:25 | WARNING  | solver | MONITOR | Memory: 86.6% (13881MB used, 2144MB available) | Process: 389MB | CPU: 57.4% (process: 199.5%)
2026-02-24 21:25:55 | WARNING  | solver | MONITOR | Memory: 86.3% (13837MB used, 2187MB available) | Process: 388MB | CPU: 11.0% (process: 199.5%)
2026-02-24 21:26:25 | WARNING  | solver | MONITOR | Memory: 86.2% (13811MB used, 2213MB available) | Process: 388MB | CPU: 12.9% (process: 216.1%)
2026-02-24 21:26:55 | WARNING  | solver | MONITOR | Memory: 86.0% (13780MB used, 2244MB available) | Process: 388MB | CPU: 39.3% (process: 235.2%)
2026-02-24 21:27:26 | WARNING  | solver | MONITOR | Memory: 85.5% (13705MB used, 2319MB available) | Process: 390MB | CPU: 8.9% (process: 218.4%)
2026-02-24 21:27:56 | WARNING  | solver | MONITOR | Memory: 86.4% (13848MB used, 2176MB available) | Process: 388MB | CPU: 10.3% (process: 232.7%)
2026-02-24 21:28:26 | WARNING  | solver | MONITOR | Memory: 84.8% (13582MB used, 2442MB available) | Process: 390MB | CPU: 20.4% (process: 216.1%)
2026-02-24 21:28:56 | WARNING  | solver | MONITOR | Memory: 87.6% (14033MB used, 1991MB available) | Process: 390MB | CPU: 18.4% (process: 232.7%)
2026-02-24 21:29:26 | WARNING  | solver | MONITOR | Memory: 81.8% (13114MB used, 2910MB available) | Process: 391MB | CPU: 27.3% (process: 232.7%)
2026-02-24 21:29:57 | WARNING  | solver | MONITOR | Memory: 82.2% (13170MB used, 2854MB available) | Process: 386MB | CPU: 22.0% (process: 232.7%)
2026-02-24 21:30:27 | WARNING  | solver | MONITOR | Memory: 80.5% (12891MB used, 3133MB available) | Process: 387MB | CPU: 9.8% (process: 232.7%)
2026-02-24 21:30:57 | WARNING  | solver | MONITOR | Memory: 81.9% (13131MB used, 2894MB available) | Process: 387MB | CPU: 35.7% (process: 235.2%)
2026-02-24 21:31:27 | WARNING  | solver | MONITOR | Memory: 80.3% (12864MB used, 3160MB available) | Process: 390MB | CPU: 12.1% (process: 218.4%)
2026-02-24 21:31:57 | WARNING  | solver | MONITOR | Memory: 81.8% (13105MB used, 2919MB available) | Process: 392MB | CPU: 12.5% (process: 182.8%)
2026-02-24 21:32:28 | WARNING  | solver | MONITOR | Memory: 82.8% (13267MB used, 2757MB available) | Process: 390MB | CPU: 16.9% (process: 199.5%)
2026-02-24 21:32:58 | WARNING  | solver | MONITOR | Memory: 84.3% (13508MB used, 2516MB available) | Process: 388MB | CPU: 16.4% (process: 216.1%)
2026-02-24 21:33:28 | WARNING  | solver | MONITOR | Memory: 83.3% (13341MB used, 2683MB available) | Process: 391MB | CPU: 10.7% (process: 216.1%)
2026-02-24 21:33:58 | WARNING  | solver | MONITOR | Memory: 84.4% (13524MB used, 2500MB available) | Process: 391MB | CPU: 26.8% (process: 172.0%)
2026-02-24 21:34:28 | WARNING  | solver | MONITOR | Memory: 83.3% (13349MB used, 2675MB available) | Process: 390MB | CPU: 15.3% (process: 157.7%)
2026-02-24 21:34:59 | WARNING  | solver | MONITOR | Memory: 84.2% (13492MB used, 2532MB available) | Process: 391MB | CPU: 24.4% (process: 172.0%)
2026-02-24 21:35:29 | WARNING  | solver | MONITOR | Memory: 82.6% (13230MB used, 2794MB available) | Process: 391MB | CPU: 8.9% (process: 172.0%)
2026-02-24 21:35:59 | WARNING  | solver | MONITOR | Memory: 84.2% (13489MB used, 2535MB available) | Process: 391MB | CPU: 14.5% (process: 170.5%)
2026-02-24 21:36:29 | WARNING  | solver | MONITOR | Memory: 83.8% (13431MB used, 2593MB available) | Process: 390MB | CPU: 24.4% (process: 170.5%)
2026-02-24 21:36:59 | WARNING  | solver | MONITOR | Memory: 84.2% (13500MB used, 2524MB available) | Process: 389MB | CPU: 14.4% (process: 170.5%)
2026-02-24 21:37:30 | WARNING  | solver | MONITOR | Memory: 84.0% (13466MB used, 2559MB available) | Process: 390MB | CPU: 38.1% (process: 143.3%)
2026-02-24 21:38:00 | WARNING  | solver | MONITOR | Memory: 84.8% (13583MB used, 2441MB available) | Process: 387MB | CPU: 20.0% (process: 157.7%)
2026-02-24 21:38:30 | WARNING  | solver | MONITOR | Memory: 84.2% (13497MB used, 2528MB available) | Process: 391MB | CPU: 17.1% (process: 172.0%)
2026-02-24 21:39:00 | WARNING  | solver | MONITOR | Memory: 85.6% (13713MB used, 2311MB available) | Process: 391MB | CPU: 17.9% (process: 172.0%)
2026-02-24 21:39:31 | WARNING  | solver | MONITOR | Memory: 82.9% (13285MB used, 2740MB available) | Process: 391MB | CPU: 13.5% (process: 199.5%)
2026-02-24 21:40:01 | WARNING  | solver | MONITOR | Memory: 85.2% (13646MB used, 2378MB available) | Process: 391MB | CPU: 46.1% (process: 199.5%)
2026-02-24 21:40:31 | WARNING  | solver | MONITOR | Memory: 83.3% (13343MB used, 2681MB available) | Process: 393MB | CPU: 19.0% (process: 199.5%)
2026-02-24 21:41:01 | WARNING  | solver | MONITOR | Memory: 85.3% (13677MB used, 2348MB available) | Process: 392MB | CPU: 19.3% (process: 199.5%)
2026-02-24 21:41:31 | WARNING  | solver | MONITOR | Memory: 84.2% (13499MB used, 2525MB available) | Process: 392MB | CPU: 14.2% (process: 201.6%)
2026-02-24 21:42:02 | WARNING  | solver | MONITOR | Memory: 84.3% (13501MB used, 2524MB available) | Process: 394MB | CPU: 16.3% (process: 184.8%)
2026-02-24 21:42:32 | WARNING  | solver | MONITOR | Memory: 84.3% (13513MB used, 2511MB available) | Process: 394MB | CPU: 17.4% (process: 199.5%)
2026-02-24 21:43:02 | WARNING  | solver | MONITOR | Memory: 85.9% (13768MB used, 2257MB available) | Process: 395MB | CPU: 24.3% (process: 216.1%)
2026-02-24 21:43:32 | WARNING  | solver | MONITOR | Memory: 82.6% (13228MB used, 2796MB available) | Process: 393MB | CPU: 8.4% (process: 232.7%)
2026-02-24 21:44:02 | WARNING  | solver | MONITOR | Memory: 84.5% (13541MB used, 2483MB available) | Process: 396MB | CPU: 12.7% (process: 232.7%)
2026-02-24 21:44:33 | WARNING  | solver | MONITOR | Memory: 82.6% (13242MB used, 2782MB available) | Process: 397MB | CPU: 10.3% (process: 232.7%)
2026-02-24 21:45:03 | WARNING  | solver | MONITOR | Memory: 84.5% (13540MB used, 2485MB available) | Process: 394MB | CPU: 19.1% (process: 232.7%)
2026-02-24 21:45:33 | WARNING  | solver | MONITOR | Memory: 83.3% (13350MB used, 2674MB available) | Process: 395MB | CPU: 14.2% (process: 235.2%)
2026-02-24 21:46:03 | WARNING  | solver | MONITOR | Memory: 84.2% (13491MB used, 2533MB available) | Process: 396MB | CPU: 6.4% (process: 235.2%)
2026-02-24 21:46:33 | WARNING  | solver | MONITOR | Memory: 82.9% (13288MB used, 2736MB available) | Process: 395MB | CPU: 16.2% (process: 232.7%)
2026-02-24 21:47:04 | WARNING  | solver | MONITOR | Memory: 84.4% (13528MB used, 2497MB available) | Process: 396MB | CPU: 21.0% (process: 216.1%)
2026-02-24 21:47:34 | WARNING  | solver | MONITOR | Memory: 82.7% (13259MB used, 2765MB available) | Process: 396MB | CPU: 23.2% (process: 216.1%)
2026-02-24 21:48:04 | WARNING  | solver | MONITOR | Memory: 84.7% (13575MB used, 2449MB available) | Process: 397MB | CPU: 12.6% (process: 216.1%)
2026-02-24 21:48:34 | WARNING  | solver | MONITOR | Memory: 83.7% (13420MB used, 2605MB available) | Process: 397MB | CPU: 9.1% (process: 232.7%)
2026-02-24 21:49:04 | WARNING  | solver | MONITOR | Memory: 84.3% (13508MB used, 2516MB available) | Process: 396MB | CPU: 11.9% (process: 232.7%)
2026-02-24 21:49:35 | WARNING  | solver | MONITOR | Memory: 84.1% (13480MB used, 2544MB available) | Process: 397MB | CPU: 15.0% (process: 235.2%)
2026-02-24 21:50:05 | WARNING  | solver | MONITOR | Memory: 84.6% (13559MB used, 2465MB available) | Process: 396MB | CPU: 19.0% (process: 172.0%)
2026-02-24 21:50:35 | WARNING  | solver | MONITOR | Memory: 84.3% (13503MB used, 2521MB available) | Process: 392MB | CPU: 22.8% (process: 156.3%)
2026-02-24 21:51:05 | WARNING  | solver | MONITOR | Memory: 84.2% (13487MB used, 2537MB available) | Process: 396MB | CPU: 9.5% (process: 170.5%)
2026-02-24 21:51:35 | WARNING  | solver | MONITOR | Memory: 84.3% (13501MB used, 2523MB available) | Process: 397MB | CPU: 10.4% (process: 170.5%)
2026-02-24 21:52:06 | WARNING  | solver | MONITOR | Memory: 84.6% (13553MB used, 2472MB available) | Process: 397MB | CPU: 11.5% (process: 172.0%)
2026-02-24 21:52:36 | WARNING  | solver | MONITOR | Memory: 85.6% (13724MB used, 2300MB available) | Process: 398MB | CPU: 18.5% (process: 143.3%)
2026-02-24 21:53:06 | WARNING  | solver | MONITOR | Memory: 84.5% (13546MB used, 2478MB available) | Process: 398MB | CPU: 14.2% (process: 172.0%)
2026-02-24 21:53:36 | WARNING  | solver | MONITOR | Memory: 83.7% (13408MB used, 2616MB available) | Process: 397MB | CPU: 13.6% (process: 172.0%)
2026-02-24 21:54:06 | WARNING  | solver | MONITOR | Memory: 85.1% (13643MB used, 2381MB available) | Process: 398MB | CPU: 52.9% (process: 172.0%)
2026-02-24 21:54:37 | WARNING  | solver | MONITOR | Memory: 84.0% (13464MB used, 2560MB available) | Process: 396MB | CPU: 12.2% (process: 170.5%)
2026-02-24 21:55:07 | WARNING  | solver | MONITOR | Memory: 84.6% (13561MB used, 2463MB available) | Process: 397MB | CPU: 12.6% (process: 170.5%)
2026-02-24 21:55:37 | WARNING  | solver | MONITOR | Memory: 83.0% (13303MB used, 2722MB available) | Process: 397MB | CPU: 15.0% (process: 182.8%)
2026-02-24 21:56:07 | WARNING  | solver | MONITOR | Memory: 84.6% (13563MB used, 2461MB available) | Process: 397MB | CPU: 16.3% (process: 201.6%)
2026-02-24 21:56:37 | WARNING  | solver | MONITOR | Memory: 82.9% (13287MB used, 2737MB available) | Process: 398MB | CPU: 12.1% (process: 201.6%)
2026-02-24 21:57:08 | WARNING  | solver | MONITOR | Memory: 84.6% (13552MB used, 2472MB available) | Process: 397MB | CPU: 9.8% (process: 232.7%)
2026-02-24 21:57:38 | WARNING  | solver | MONITOR | Memory: 83.1% (13315MB used, 2709MB available) | Process: 397MB | CPU: 28.3% (process: 232.7%)
2026-02-24 21:58:08 | WARNING  | solver | MONITOR | Memory: 84.9% (13610MB used, 2414MB available) | Process: 397MB | CPU: 9.7% (process: 216.1%)
2026-02-24 21:58:38 | WARNING  | solver | MONITOR | Memory: 83.3% (13340MB used, 2684MB available) | Process: 397MB | CPU: 10.2% (process: 232.7%)
2026-02-24 21:59:08 | WARNING  | solver | MONITOR | Memory: 84.9% (13609MB used, 2415MB available) | Process: 399MB | CPU: 21.9% (process: 232.7%)
2026-02-24 21:59:39 | WARNING  | solver | MONITOR | Memory: 84.6% (13559MB used, 2465MB available) | Process: 399MB | CPU: 20.3% (process: 232.7%)
2026-02-24 22:00:09 | WARNING  | solver | MONITOR | Memory: 84.5% (13548MB used, 2476MB available) | Process: 399MB | CPU: 9.6% (process: 235.2%)
2026-02-24 22:00:39 | WARNING  | solver | MONITOR | Memory: 84.4% (13518MB used, 2506MB available) | Process: 399MB | CPU: 9.4% (process: 218.4%)
2026-02-24 22:01:09 | WARNING  | solver | MONITOR | Memory: 84.7% (13579MB used, 2446MB available) | Process: 399MB | CPU: 11.2% (process: 216.1%)
2026-02-24 22:01:39 | WARNING  | solver | MONITOR | Memory: 84.3% (13515MB used, 2509MB available) | Process: 398MB | CPU: 9.7% (process: 232.7%)
2026-02-24 22:02:10 | WARNING  | solver | MONITOR | Memory: 84.9% (13605MB used, 2419MB available) | Process: 398MB | CPU: 13.3% (process: 216.1%)
2026-02-24 22:02:40 | WARNING  | solver | MONITOR | Memory: 83.4% (13361MB used, 2664MB available) | Process: 399MB | CPU: 14.5% (process: 186.4%)
2026-02-24 22:03:10 | WARNING  | solver | MONITOR | Memory: 85.4% (13688MB used, 2336MB available) | Process: 394MB | CPU: 8.0% (process: 172.0%)
2026-02-24 22:03:40 | WARNING  | solver | MONITOR | Memory: 84.6% (13552MB used, 2472MB available) | Process: 395MB | CPU: 17.7% (process: 172.0%)
2026-02-24 22:04:10 | WARNING  | solver | MONITOR | Memory: 85.0% (13619MB used, 2405MB available) | Process: 396MB | CPU: 26.5% (process: 157.7%)
2026-02-24 22:04:41 | WARNING  | solver | MONITOR | Memory: 85.5% (13707MB used, 2317MB available) | Process: 395MB | CPU: 36.3% (process: 172.0%)
2026-02-24 22:05:11 | WARNING  | solver | MONITOR | Memory: 84.7% (13568MB used, 2457MB available) | Process: 400MB | CPU: 10.3% (process: 170.5%)
2026-02-24 22:05:41 | WARNING  | solver | MONITOR | Memory: 83.6% (13395MB used, 2629MB available) | Process: 400MB | CPU: 32.4% (process: 156.3%)
2026-02-24 22:06:11 | WARNING  | solver | MONITOR | Memory: 85.1% (13630MB used, 2394MB available) | Process: 401MB | CPU: 19.3% (process: 170.5%)
2026-02-24 22:06:41 | WARNING  | solver | MONITOR | Memory: 85.1% (13635MB used, 2389MB available) | Process: 401MB | CPU: 16.8% (process: 172.0%)
2026-02-24 22:07:12 | WARNING  | solver | MONITOR | Memory: 84.7% (13571MB used, 2453MB available) | Process: 399MB | CPU: 12.6% (process: 172.0%)
2026-02-24 22:07:42 | WARNING  | solver | MONITOR | Memory: 83.0% (13296MB used, 2729MB available) | Process: 400MB | CPU: 16.5% (process: 172.0%)
2026-02-24 22:08:12 | WARNING  | solver | MONITOR | Memory: 85.7% (13737MB used, 2287MB available) | Process: 400MB | CPU: 19.6% (process: 172.0%)
2026-02-24 22:08:42 | WARNING  | solver | MONITOR | Memory: 84.0% (13467MB used, 2558MB available) | Process: 400MB | CPU: 16.2% (process: 172.0%)
2026-02-24 22:09:12 | WARNING  | solver | MONITOR | Memory: 85.6% (13723MB used, 2302MB available) | Process: 402MB | CPU: 13.4% (process: 199.5%)
2026-02-24 22:09:43 | WARNING  | solver | MONITOR | Memory: 83.9% (13452MB used, 2572MB available) | Process: 400MB | CPU: 13.2% (process: 249.3%)
2026-02-24 22:10:13 | WARNING  | solver | MONITOR | Memory: 85.9% (13757MB used, 2267MB available) | Process: 400MB | CPU: 18.9% (process: 232.7%)
2026-02-24 22:10:43 | WARNING  | solver | MONITOR | Memory: 84.1% (13474MB used, 2550MB available) | Process: 401MB | CPU: 10.0% (process: 235.2%)
2026-02-24 22:11:13 | WARNING  | solver | MONITOR | Memory: 85.6% (13712MB used, 2312MB available) | Process: 401MB | CPU: 12.3% (process: 235.2%)
2026-02-24 22:11:43 | WARNING  | solver | MONITOR | Memory: 84.9% (13607MB used, 2417MB available) | Process: 396MB | CPU: 15.7% (process: 216.1%)
2026-02-24 22:12:14 | WARNING  | solver | MONITOR | Memory: 85.4% (13680MB used, 2344MB available) | Process: 397MB | CPU: 16.9% (process: 232.7%)
2026-02-24 22:12:44 | WARNING  | solver | MONITOR | Memory: 90.4% (14481MB used, 1543MB available) | Process: 312MB | CPU: 69.9% (process: 133.0%)
2026-02-24 22:13:14 | WARNING  | solver | MONITOR | Memory: 90.7% (14528MB used, 1497MB available) | Process: 311MB | CPU: 34.4% (process: 199.5%)
